# JRE version: OpenJDK Runtime Environment (8.0_45-b14) (build 1.8.0_45-internal-b14)
# Java VM: OpenJDK 64-Bit Server VM (25.45-b02 mixed mode linux-amd64 compressed oops)
Heap:
 def new generation   total 129472K, used 60721K [0x00000000e1600000, 0x00000000ea270000, 0x00000000eb950000)
  eden space 115136K,  46% used [0x00000000e1600000, 0x00000000e4a446f0, 0x00000000e8670000)
  from space 14336K,  50% used [0x00000000e9470000, 0x00000000e9b77e50, 0x00000000ea270000)
  to   space 14336K,   0% used [0x00000000e8670000, 0x00000000e8670000, 0x00000000e9470000)
 tenured generation   total 287492K, used 262484K [0x00000000eb950000, 0x00000000fd211000, 0x0000000100000000)
   the space 287492K,  91% used [0x00000000eb950000, 0x00000000fb9a5240, 0x00000000fb9a5400, 0x00000000fd211000)
 Metaspace       used 570435K, capacity 1076585K, committed 1076628K, reserved 1724416K
  class space    used 211279K, capacity 401820K, committed 401852K, reserved 1048576K
GC Heap History (10 events):
Event: 6286376.651 GC heap before
{Heap before GC invocations=118223 (full 455):
 def new generation   total 129472K, used 122280K [0x00000000e1600000, 0x00000000ea270000, 0x00000000eb950000)
  eden space 115136K,  99% used [0x00000000e1600000, 0x00000000e866ea38, 0x00000000e8670000)
  from space 14336K,  49% used [0x00000000e8670000, 0x00000000e8d6b830, 0x00000000e9470000)
  to   space 14336K,   0% used [0x00000000e9470000, 0x00000000e9470000, 0x00000000ea270000)
 tenured generation   total 287492K, used 259381K [0x00000000eb950000, 0x00000000fd211000, 0x0000000100000000)
   the space 287492K,  90% used [0x00000000eb950000, 0x00000000fb69d6a0, 0x00000000fb69d800, 0x00000000fd211000)
 Metaspace       used 565220K, capacity 1066959K, committed 1067156K, reserved 1718272K
  class space    used 209426K, capacity 398407K, committed 398524K, reserved 1048576K
Event: 6286376.713 GC heap after
Heap after GC invocations=118224 (full 455):
 def new generation   total 129472K, used 7845K [0x00000000e1600000, 0x00000000ea270000, 0x00000000eb950000)
  eden space 115136K,   0% used [0x00000000e1600000, 0x00000000e1600000, 0x00000000e8670000)
  from space 14336K,  54% used [0x00000000e9470000, 0x00000000e9c197a8, 0x00000000ea270000)
  to   space 14336K,   0% used [0x00000000e8670000, 0x00000000e8670000, 0x00000000e9470000)
 tenured generation   total 287492K, used 259381K [0x00000000eb950000, 0x00000000fd211000, 0x0000000100000000)
   the space 287492K,  90% used [0x00000000eb950000, 0x00000000fb69d6a0, 0x00000000fb69d800, 0x00000000fd211000)
 Metaspace       used 565220K, capacity 1066959K, committed 1067156K, reserved 1718272K
  class space    used 209426K, capacity 398407K, committed 398524K, reserved 1048576K
}
Event: 6287095.655 GC heap before
{Heap before GC invocations=118224 (full 455):
 def new generation   total 129472K, used 122981K [0x00000000e1600000, 0x00000000ea270000, 0x00000000eb950000)
  eden space 115136K, 100% used [0x00000000e1600000, 0x00000000e8670000, 0x00000000e8670000)
  from space 14336K,  54% used [0x00000000e9470000, 0x00000000e9c197a8, 0x00000000ea270000)
  to   space 14336K,   0% used [0x00000000e8670000, 0x00000000e8670000, 0x00000000e9470000)
 tenured generation   total 287492K, used 259381K [0x00000000eb950000, 0x00000000fd211000, 0x0000000100000000)
   the space 287492K,  90% used [0x00000000eb950000, 0x00000000fb69d6a0, 0x00000000fb69d800, 0x00000000fd211000)
 Metaspace       used 566377K, capacity 1069057K, committed 1069204K, reserved 1720320K
  class space    used 209835K, capacity 399157K, committed 399292K, reserved 1048576K
Event: 6287095.920 GC heap after
Heap after GC invocations=118225 (full 455):
 def new generation   total 129472K, used 8057K [0x00000000e1600000, 0x00000000ea270000, 0x00000000eb950000)
  eden space 115136K,   0% used [0x00000000e1600000, 0x00000000e1600000, 0x00000000e8670000)
  from space 14336K,  56% used [0x00000000e8670000, 0x00000000e8e4e4e8, 0x00000000e9470000)
  to   space 14336K,   0% used [0x00000000e9470000, 0x00000000e9470000, 0x00000000ea270000)
 tenured generation   total 287492K, used 260178K [0x00000000eb950000, 0x00000000fd211000, 0x0000000100000000)
   the space 287492K,  90% used [0x00000000eb950000, 0x00000000fb764b90, 0x00000000fb764c00, 0x00000000fd211000)
 Metaspace       used 566377K, capacity 1069057K, committed 1069204K, reserved 1720320K
  class space    used 209835K, capacity 399157K, committed 399292K, reserved 1048576K
}
Event: 6287869.889 GC heap before
{Heap before GC invocations=118225 (full 455):
 def new generation   total 129472K, used 123193K [0x00000000e1600000, 0x00000000ea270000, 0x00000000eb950000)
  eden space 115136K, 100% used [0x00000000e1600000, 0x00000000e8670000, 0x00000000e8670000)
  from space 14336K,  56% used [0x00000000e8670000, 0x00000000e8e4e4e8, 0x00000000e9470000)
  to   space 14336K,   0% used [0x00000000e9470000, 0x00000000e9470000, 0x00000000ea270000)
 tenured generation   total 287492K, used 260178K [0x00000000eb950000, 0x00000000fd211000, 0x0000000100000000)
   the space 287492K,  90% used [0x00000000eb950000, 0x00000000fb764b90, 0x00000000fb764c00, 0x00000000fd211000)
 Metaspace       used 567451K, capacity 1071067K, committed 1071380K, reserved 1720320K
  class space    used 210217K, capacity 399859K, committed 399932K, reserved 1048576K
Event: 6287870.228 GC heap after
Heap after GC invocations=118226 (full 455):
 def new generation   total 129472K, used 6833K [0x00000000e1600000, 0x00000000ea270000, 0x00000000eb950000)
  eden space 115136K,   0% used [0x00000000e1600000, 0x00000000e1600000, 0x00000000e8670000)
  from space 14336K,  47% used [0x00000000e9470000, 0x00000000e9b1c418, 0x00000000ea270000)
  to   space 14336K,   0% used [0x00000000e8670000, 0x00000000e8670000, 0x00000000e9470000)
 tenured generation   total 287492K, used 261733K [0x00000000eb950000, 0x00000000fd211000, 0x0000000100000000)
   the space 287492K,  91% used [0x00000000eb950000, 0x00000000fb8e96b8, 0x00000000fb8e9800, 0x00000000fd211000)
 Metaspace       used 567451K, capacity 1071067K, committed 1071380K, reserved 1720320K
  class space    used 210217K, capacity 399859K, committed 399932K, reserved 1048576K
}
Event: 6288612.659 GC heap before
{Heap before GC invocations=118226 (full 455):
 def new generation   total 129472K, used 121969K [0x00000000e1600000, 0x00000000ea270000, 0x00000000eb950000)
  eden space 115136K, 100% used [0x00000000e1600000, 0x00000000e8670000, 0x00000000e8670000)
  from space 14336K,  47% used [0x00000000e9470000, 0x00000000e9b1c418, 0x00000000ea270000)
  to   space 14336K,   0% used [0x00000000e8670000, 0x00000000e8670000, 0x00000000e9470000)
 tenured generation   total 287492K, used 261733K [0x00000000eb950000, 0x00000000fd211000, 0x0000000100000000)
   the space 287492K,  91% used [0x00000000eb950000, 0x00000000fb8e96b8, 0x00000000fb8e9800, 0x00000000fd211000)
 Metaspace       used 568564K, capacity 1073159K, committed 1073428K, reserved 1722368K
  class space    used 210613K, capacity 400611K, committed 400700K, reserved 1048576K
Event: 6288612.961 GC heap after
Heap after GC invocations=118227 (full 455):
 def new generation   total 129472K, used 7191K [0x00000000e1600000, 0x00000000ea270000, 0x00000000eb950000)
  eden space 115136K,   0% used [0x00000000e1600000, 0x00000000e1600000, 0x00000000e8670000)
  from space 14336K,  50% used [0x00000000e8670000, 0x00000000e8d75e00, 0x00000000e9470000)
  to   space 14336K,   0% used [0x00000000e9470000, 0x00000000e9470000, 0x00000000ea270000)
 tenured generation   total 287492K, used 261733K [0x00000000eb950000, 0x00000000fd211000, 0x0000000100000000)
   the space 287492K,  91% used [0x00000000eb950000, 0x00000000fb8e96b8, 0x00000000fb8e9800, 0x00000000fd211000)
 Metaspace       used 568564K, capacity 1073159K, committed 1073428K, reserved 1722368K
  class space    used 210613K, capacity 400611K, committed 400700K, reserved 1048576K
}
Event: 6289074.969 GC heap before
{Heap before GC invocations=118227 (full 455):
 def new generation   total 129472K, used 122327K [0x00000000e1600000, 0x00000000ea270000, 0x00000000eb950000)
  eden space 115136K, 100% used [0x00000000e1600000, 0x00000000e8670000, 0x00000000e8670000)
  from space 14336K,  50% used [0x00000000e8670000, 0x00000000e8d75e00, 0x00000000e9470000)
  to   space 14336K,   0% used [0x00000000e9470000, 0x00000000e9470000, 0x00000000ea270000)
 tenured generation   total 287492K, used 261733K [0x00000000eb950000, 0x00000000fd211000, 0x0000000100000000)
   the space 287492K,  91% used [0x00000000eb950000, 0x00000000fb8e96b8, 0x00000000fb8e9800, 0x00000000fd211000)
 Metaspace       used 569862K, capacity 1075517K, committed 1075860K, reserved 1724416K
  class space    used 211075K, capacity 401469K, committed 401596K, reserved 1048576K
Event: 6289075.343 GC heap after
Heap after GC invocations=118228 (full 455):
 def new generation   total 129472K, used 7199K [0x00000000e1600000, 0x00000000ea270000, 0x00000000eb950000)
  eden space 115136K,   0% used [0x00000000e1600000, 0x00000000e1600000, 0x00000000e8670000)
  from space 14336K,  50% used [0x00000000e9470000, 0x00000000e9b77e50, 0x00000000ea270000)
  to   space 14336K,   0% used [0x00000000e8670000, 0x00000000e8670000, 0x00000000e9470000)
 tenured generation   total 287492K, used 262484K [0x00000000eb950000, 0x00000000fd211000, 0x0000000100000000)
   the space 287492K,  91% used [0x00000000eb950000, 0x00000000fb9a5240, 0x00000000fb9a5400, 0x00000000fd211000)
 Metaspace       used 569862K, capacity 1075517K, committed 1075860K, reserved 1724416K
  class space    used 211075K, capacity 401469K, committed 401596K, reserved 1048576K
}

